<?xml version="1.0" encoding="UTF-8"?>
<testng-results ignored="14" total="15" passed="1" failed="0" skipped="0">
  <reporter-output>
  </reporter-output>
  <suite started-at="2025-01-08T21:23:48 GMT+03:00" name="Default suite" finished-at="2025-01-08T21:24:00 GMT+03:00" duration-ms="12158">
    <groups>
    </groups>
    <test started-at="2025-01-08T21:23:48 GMT+03:00" name="Default test" finished-at="2025-01-08T21:24:00 GMT+03:00" duration-ms="12158">
      <class name="Mytestcases">
        <test-method is-config="true" signature="mySetup()[pri:0, instance:Mytestcases@4097cac]" started-at="2025-01-08T21:23:48 GMT+03:00" name="mySetup" finished-at="2025-01-08T21:23:59 GMT+03:00" duration-ms="11229" status="PASS">
          <reporter-output>
          </reporter-output>
        </test-method> <!-- mySetup -->
        <test-method signature="Download_file_to_test()[pri:13, instance:Mytestcases@4097cac]" started-at="2025-01-08T21:23:59 GMT+03:00" name="Download_file_to_test" description="download the file inside the main page" finished-at="2025-01-08T21:24:00 GMT+03:00" duration-ms="904" status="PASS">
          <reporter-output>
          </reporter-output>
        </test-method> <!-- Download_file_to_test -->
      </class> <!-- Mytestcases -->
    </test> <!-- Default test -->
  </suite> <!-- Default suite -->
</testng-results>
